[18:16:31] [main/INFO]: Setting user: Player468
[18:16:35] [Client thread/INFO]: LWJGL Version: 2.9.1
[18:17:05] [Client thread/INFO]: Reloading ResourceManager: Default, FMLFileResourcePack:Forge Mod Loader, FMLFileResourcePack:Minecraft Forge, FMLFileResourcePack:Not Enough Items, FMLFileResourcePack:TreeOres Mod, FMLFileResourcePack:IndustrialCraft 2, FMLFileResourcePack:Mantle, FMLFileResourcePack:Tinkers' Construct, FMLFileResourcePack:Thaumcraft, FMLFileResourcePack:Baubles
[18:17:23] [Sound Library Loader/INFO]: Sound engine started
[18:17:49] [Client thread/INFO]: Created: 1024x1024 textures/blocks-atlas
[18:17:53] [Client thread/INFO]: Created: 1024x512 textures/items-atlas
[18:18:00] [Client thread/INFO]: Reloading ResourceManager: Default, FMLFileResourcePack:Forge Mod Loader, FMLFileResourcePack:Minecraft Forge, FMLFileResourcePack:Not Enough Items, FMLFileResourcePack:TreeOres Mod, FMLFileResourcePack:IndustrialCraft 2, FMLFileResourcePack:Mantle, FMLFileResourcePack:Tinkers' Construct, FMLFileResourcePack:Thaumcraft, FMLFileResourcePack:Baubles
[18:18:10] [Client thread/INFO]: Created: 1024x1024 textures/blocks-atlas
[18:18:18] [Client thread/INFO]: Created: 2048x1024 textures/items-atlas
[18:18:19] [Sound Library Loader/INFO]: Sound engine started
[18:18:41] [Server thread/INFO]: Starting integrated minecraft server version 1.7.10
[18:18:41] [Server thread/INFO]: Generating keypair
[18:18:42] [Server thread/INFO]: Preparing start region for level 0
[18:18:43] [Server thread/INFO]: Preparing spawn area: 56%
[18:18:45] [Server thread/INFO]: Changing view distance to 2, from 10
[18:18:47] [Server thread/INFO]: Player468[local:E:292b22fc] logged in with entity id 291 at (238.5230509713292, 4.0, 112.7874631067276)
[18:18:47] [Server thread/INFO]: Player468 joined the game
[18:18:52] [Server thread/WARN]: Can't keep up! Did the system time change, or is the server overloaded? Running 6369ms behind, skipping 127 tick(s)
[18:19:09] [Server thread/INFO]: Player468 has just earned the achievement [Taking Inventory]
[18:19:10] [Client thread/INFO]: [CHAT] Player468 has just earned the achievement [Taking Inventory]
[18:20:23] [Client thread/INFO]: Stopping!
[18:20:23] [Server thread/INFO]: Stopping server
[18:20:23] [Server thread/INFO]: Saving players
[18:20:24] [Server thread/INFO]: Saving worlds
[18:20:24] [Server thread/INFO]: Saving chunks for level 'WristBlower'/Overworld
[18:20:24] [Server thread/INFO]: Saving chunks for level 'WristBlower'/Nether
[18:20:24] [Server thread/INFO]: Saving chunks for level 'WristBlower'/The End
[18:20:24] [Server thread/INFO]: Saving chunks for level 'WristBlower'/The Outer Lands
